<?xml version="1.0" encoding="UTF-8"?>
<!-- Generated by org.testng.reporters.JUnitXMLReporter -->
<testsuite ignored="0" hostname="DESKTOP-DUH6J36" failures="0" tests="5" name="Default test" time="31.684" errors="0" timestamp="2021-06-29T15:37:18 EDT">
  <testcase classname="com.automate.automator1.AppTest" name="Test1" time="1.769"/>
  <testcase classname="com.automate.automator1.AppTest" name="Test2" time="4.531"/>
  <testcase classname="com.automate.automator1.AppTest" name="Test3" time="1.506"/>
  <testcase classname="com.automate.automator1.AppTest" name="Test4" time="4.554"/>
  <testcase classname="com.automate.automator1.AppTest" name="clickButtonCloseAlert_Test5" time="6.084"/>
</testsuite> <!-- Default test -->
