<?xml version="1.0" encoding="UTF-8"?>
<!-- Generated by org.testng.reporters.JUnitXMLReporter -->
<testsuite ignored="0" hostname="DESKTOP-DUH6J36" failures="0" tests="5" name="Test" time="26.627" errors="0" timestamp="2021-06-29T15:46:02 EDT">
  <testcase classname="com.automate.automator1.AppTest" name="Test1" time="0.915"/>
  <testcase classname="com.automate.automator1.AppTest" name="Test2" time="1.718"/>
  <testcase classname="com.automate.automator1.AppTest" name="Test3" time="1.827"/>
  <testcase classname="com.automate.automator1.AppTest" name="Test4" time="1.795"/>
  <testcase classname="com.automate.automator1.AppTest" name="clickButtonCloseAlert_Test5" time="5.832"/>
</testsuite> <!-- Test -->
