<?xml version="1.0" encoding="UTF-8"?>
<testsuite xmlns:xsi="http://www.w3.org/2001/XMLSchema-instance" xsi:noNamespaceSchemaLocation="https://maven.apache.org/surefire/maven-surefire-plugin/xsd/surefire-test-report-3.0.xsd" version="3.0" name="TestSuite" time="27.462" tests="5" errors="0" skipped="0" failures="0">
  <properties>
[...]
</properties>
  <testcase name="Test1" classname="com.automate.automator1.AppTest" time="0.902">
    <system-out><![CDATA[BeforeMethod running to create driver: ChromeDriver: chrome on WINDOWS (8f4f84c4d7de96434ddabf063ba03fd3)
Test 1 The title of this page is ===> 
]]></system-out>
    <system-err><![CDATA[Starting ChromeDriver 91.0.4472.101 (af52a90bf87030dd1523486a1cd3ae25c5d76c9b-refs/branch-heads/4472@{#1462}) on port 21731
Only local connections are allowed.
Please see https://chromedriver.chromium.org/security-considerations for suggestions on keeping ChromeDriver safe.
ChromeDriver was started successfully.
Jun 29, 2021 3:45:37 PM org.openqa.selenium.remote.ProtocolHandshake createSession
INFO: Detected dialect: W3C
]]></system-err>
  </testcase>
  <testcase name="Test2" classname="com.automate.automator1.AppTest" time="1.694">
    <system-out><![CDATA[BeforeMethod running to create driver: ChromeDriver: chrome on WINDOWS (6cccc45b77737a0e6324e93959d9f7c9)
Test2 title: AutomationTalks - Learn Automation Testing
]]></system-out>
    <system-err><![CDATA[Starting ChromeDriver 91.0.4472.101 (af52a90bf87030dd1523486a1cd3ae25c5d76c9b-refs/branch-heads/4472@{#1462}) on port 1396
Only local connections are allowed.
Please see https://chromedriver.chromium.org/security-considerations for suggestions on keeping ChromeDriver safe.
ChromeDriver was started successfully.
Jun 29, 2021 3:45:42 PM org.openqa.selenium.remote.ProtocolHandshake createSession
INFO: Detected dialect: W3C
]]></system-err>
  </testcase>
  <testcase name="Test3" classname="com.automate.automator1.AppTest" time="1.813">
    <system-out><![CDATA[BeforeMethod running to create driver: ChromeDriver: chrome on WINDOWS (e8adbad20e96e6d837fb62c198eb8e1e)
Test3 title: AutomationTalks - Learn Automation Testing
]]></system-out>
    <system-err><![CDATA[Starting ChromeDriver 91.0.4472.101 (af52a90bf87030dd1523486a1cd3ae25c5d76c9b-refs/branch-heads/4472@{#1462}) on port 13153
Only local connections are allowed.
Please see https://chromedriver.chromium.org/security-considerations for suggestions on keeping ChromeDriver safe.
ChromeDriver was started successfully.
Jun 29, 2021 3:45:46 PM org.openqa.selenium.remote.ProtocolHandshake createSession
INFO: Detected dialect: W3C
]]></system-err>
  </testcase>
  <testcase name="Test4" classname="com.automate.automator1.AppTest" time="1.76">
    <system-out><![CDATA[BeforeMethod running to create driver: ChromeDriver: chrome on WINDOWS (8c6bde796d82a0d3f1a9b74dd9618a27)
Test4 title: AutomationTalks - Learn Automation Testing
]]></system-out>
    <system-err><![CDATA[Starting ChromeDriver 91.0.4472.101 (af52a90bf87030dd1523486a1cd3ae25c5d76c9b-refs/branch-heads/4472@{#1462}) on port 15282
Only local connections are allowed.
Please see https://chromedriver.chromium.org/security-considerations for suggestions on keeping ChromeDriver safe.
ChromeDriver was started successfully.
Jun 29, 2021 3:45:50 PM org.openqa.selenium.remote.ProtocolHandshake createSession
INFO: Detected dialect: W3C
]]></system-err>
  </testcase>
  <testcase name="clickButtonCloseAlert_Test5" classname="com.automate.automator1.AppTest" time="5.823">
    <system-out><![CDATA[BeforeMethod running to create driver: ChromeDriver: chrome on WINDOWS (b5b5cc6653096f3e2dedb323e9fd0a27)
Test5 alertmessage This is an alert box.
]]></system-out>
    <system-err><![CDATA[Starting ChromeDriver 91.0.4472.101 (af52a90bf87030dd1523486a1cd3ae25c5d76c9b-refs/branch-heads/4472@{#1462}) on port 13630
Only local connections are allowed.
Please see https://chromedriver.chromium.org/security-considerations for suggestions on keeping ChromeDriver safe.
ChromeDriver was started successfully.
Jun 29, 2021 3:45:55 PM org.openqa.selenium.remote.ProtocolHandshake createSession
INFO: Detected dialect: W3C
]]></system-err>
  </testcase>
</testsuite>