<?xml version="1.0" encoding="UTF-8"?>
<testng-results ignored="0" total="5" passed="5" failed="0" skipped="0">
  <reporter-output>
  </reporter-output>
  <suite started-at="2021-06-29T15:42:35 EDT" name="Suite" finished-at="2021-06-29T15:43:04 EDT" duration-ms="29132">
    <groups>
    </groups>
    <test started-at="2021-06-29T15:42:35 EDT" name="Test" finished-at="2021-06-29T15:43:04 EDT" duration-ms="29132">
      <class name="com.automate.automator1.AppTest">
        <test-method is-config="true" signature="lauchDriverOpenURL()[pri:0, instance:com.automate.automator1.AppTest@548e6d58]" started-at="2021-06-29T15:42:35 EDT" name="lauchDriverOpenURL" finished-at="2021-06-29T15:42:39 EDT" duration-ms="3572" status="PASS">
          <reporter-output>
          </reporter-output>
        </test-method> <!-- lauchDriverOpenURL -->
        <test-method signature="Test1()[pri:0, instance:com.automate.automator1.AppTest@548e6d58]" started-at="2021-06-29T15:42:39 EDT" name="Test1" finished-at="2021-06-29T15:42:39 EDT" duration-ms="664" status="PASS">
          <reporter-output>
          </reporter-output>
        </test-method> <!-- Test1 -->
        <test-method is-config="true" signature="closeDriver()[pri:0, instance:com.automate.automator1.AppTest@548e6d58]" started-at="2021-06-29T15:42:39 EDT" name="closeDriver" finished-at="2021-06-29T15:42:40 EDT" duration-ms="843" status="PASS">
          <reporter-output>
          </reporter-output>
        </test-method> <!-- closeDriver -->
        <test-method is-config="true" signature="lauchDriverOpenURL()[pri:0, instance:com.automate.automator1.AppTest@548e6d58]" started-at="2021-06-29T15:42:40 EDT" name="lauchDriverOpenURL" finished-at="2021-06-29T15:42:42 EDT" duration-ms="1588" status="PASS">
          <reporter-output>
          </reporter-output>
        </test-method> <!-- lauchDriverOpenURL -->
        <test-method signature="Test2()[pri:0, instance:com.automate.automator1.AppTest@548e6d58]" started-at="2021-06-29T15:42:42 EDT" name="Test2" finished-at="2021-06-29T15:42:45 EDT" duration-ms="3025" status="PASS">
          <reporter-output>
          </reporter-output>
        </test-method> <!-- Test2 -->
        <test-method is-config="true" signature="closeDriver()[pri:0, instance:com.automate.automator1.AppTest@548e6d58]" started-at="2021-06-29T15:42:45 EDT" name="closeDriver" finished-at="2021-06-29T15:42:46 EDT" duration-ms="1372" status="PASS">
          <reporter-output>
          </reporter-output>
        </test-method> <!-- closeDriver -->
        <test-method is-config="true" signature="lauchDriverOpenURL()[pri:0, instance:com.automate.automator1.AppTest@548e6d58]" started-at="2021-06-29T15:42:46 EDT" name="lauchDriverOpenURL" finished-at="2021-06-29T15:42:48 EDT" duration-ms="1531" status="PASS">
          <reporter-output>
          </reporter-output>
        </test-method> <!-- lauchDriverOpenURL -->
        <test-method signature="Test3()[pri:0, instance:com.automate.automator1.AppTest@548e6d58]" started-at="2021-06-29T15:42:48 EDT" name="Test3" finished-at="2021-06-29T15:42:50 EDT" duration-ms="1665" status="PASS">
          <reporter-output>
          </reporter-output>
        </test-method> <!-- Test3 -->
        <test-method is-config="true" signature="closeDriver()[pri:0, instance:com.automate.automator1.AppTest@548e6d58]" started-at="2021-06-29T15:42:50 EDT" name="closeDriver" finished-at="2021-06-29T15:42:51 EDT" duration-ms="1160" status="PASS">
          <reporter-output>
          </reporter-output>
        </test-method> <!-- closeDriver -->
        <test-method is-config="true" signature="lauchDriverOpenURL()[pri:0, instance:com.automate.automator1.AppTest@548e6d58]" started-at="2021-06-29T15:42:51 EDT" name="lauchDriverOpenURL" finished-at="2021-06-29T15:42:53 EDT" duration-ms="1941" status="PASS">
          <reporter-output>
          </reporter-output>
        </test-method> <!-- lauchDriverOpenURL -->
        <test-method signature="Test4()[pri:0, instance:com.automate.automator1.AppTest@548e6d58]" started-at="2021-06-29T15:42:53 EDT" name="Test4" finished-at="2021-06-29T15:42:55 EDT" duration-ms="2176" status="PASS">
          <reporter-output>
          </reporter-output>
        </test-method> <!-- Test4 -->
        <test-method is-config="true" signature="closeDriver()[pri:0, instance:com.automate.automator1.AppTest@548e6d58]" started-at="2021-06-29T15:42:55 EDT" name="closeDriver" finished-at="2021-06-29T15:42:56 EDT" duration-ms="875" status="PASS">
          <reporter-output>
          </reporter-output>
        </test-method> <!-- closeDriver -->
        <test-method is-config="true" signature="lauchDriverOpenURL()[pri:0, instance:com.automate.automator1.AppTest@548e6d58]" started-at="2021-06-29T15:42:56 EDT" name="lauchDriverOpenURL" finished-at="2021-06-29T15:42:57 EDT" duration-ms="1808" status="PASS">
          <reporter-output>
          </reporter-output>
        </test-method> <!-- lauchDriverOpenURL -->
        <test-method signature="clickButtonCloseAlert_Test5()[pri:0, instance:com.automate.automator1.AppTest@548e6d58]" started-at="2021-06-29T15:42:57 EDT" name="clickButtonCloseAlert_Test5" finished-at="2021-06-29T15:43:03 EDT" duration-ms="5955" status="PASS">
          <reporter-output>
          </reporter-output>
        </test-method> <!-- clickButtonCloseAlert_Test5 -->
        <test-method is-config="true" signature="closeDriver()[pri:0, instance:com.automate.automator1.AppTest@548e6d58]" started-at="2021-06-29T15:43:03 EDT" name="closeDriver" finished-at="2021-06-29T15:43:04 EDT" duration-ms="884" status="PASS">
          <reporter-output>
          </reporter-output>
        </test-method> <!-- closeDriver -->
      </class> <!-- com.automate.automator1.AppTest -->
    </test> <!-- Test -->
  </suite> <!-- Suite -->
</testng-results>
